{"timestamp":"2024-01-21T07:06:52.251Z","User":"Storm2107","Id":"NA","metodo":"POST","url":"/user/create","status":"201","resposta":"290","tempoResposta":"186.938"}
{"timestamp":"2024-01-21T07:06:54.530Z","User":"LordTrin21","Id":"NA","metodo":"POST","url":"/user/create","status":"201","resposta":"291","tempoResposta":"168.188"}
{"timestamp":"2024-01-21T07:06:56.819Z","User":"Zombie10","Id":"NA","metodo":"POST","url":"/user/create","status":"201","resposta":"289","tempoResposta":"155.089"}
{"timestamp":"2024-01-21T07:07:10.099Z","User":"Storme2107","Id":"NA","metodo":"POST","url":"/user/login","status":"400","resposta":"23","tempoResposta":"7.905"}
{"timestamp":"2024-01-21T07:08:29.263Z","User":"Storm2107","Id":"NA","metodo":"POST","url":"/user/login","status":"401","resposta":"17","tempoResposta":"150.194"}
{"timestamp":"2024-01-21T07:08:38.693Z","User":"Storm2107","Id":"NA","metodo":"POST","url":"/user/login","status":"200","resposta":"32","tempoResposta":"148.414"}
{"timestamp":"2024-01-21T17:04:05.742Z","User":"Storm2107","Id":"NA","metodo":"POST","url":"/user/create","status":"401","resposta":"42","tempoResposta":"25.186"}
{"timestamp":"2024-01-21T17:04:14.714Z","User":"Storm107","Id":"NA","metodo":"POST","url":"/user/create","status":"201","resposta":"289","tempoResposta":"167.916"}
{"timestamp":"2024-01-21T17:11:01.765Z","User":"Storme2107","Id":"NA","metodo":"POST","url":"/user/logout","status":"200","resposta":"33","tempoResposta":"1.377"}
{"timestamp":"2024-01-21T17:13:27.779Z","User":"Storm107","Id":4,"metodo":"POST","url":"/user/login","status":"500","resposta":"75","tempoResposta":"89.634"}
{"timestamp":"2024-01-21T17:16:01.049Z","User":"Storm107","Id":4,"metodo":"POST","url":"/user/login","status":"500","resposta":"75","tempoResposta":"97.760"}
{"timestamp":"2024-01-21T17:18:50.602Z","User":"Storm107","Id":4,"metodo":"POST","url":"/user/login","status":"500","resposta":"75","tempoResposta":"99.071"}
{"timestamp":"2024-01-21T17:20:00.156Z","User":"Storm107","Id":4,"metodo":"POST","url":"/user/login","status":"500","resposta":"75","tempoResposta":"101.169"}
{"timestamp":"2024-01-21T17:20:53.004Z","User":"Storm107","Id":4,"metodo":"POST","url":"/user/login","status":"500","resposta":"75","tempoResposta":"98.075"}
{"timestamp":"2024-01-21T17:21:40.335Z","User":"Storm107","Id":4,"metodo":"POST","url":"/user/login","status":"200","resposta":"32","tempoResposta":"103.568"}
{"timestamp":"2024-01-21T17:25:11.096Z","User":"Storme107","Id":"NA","metodo":"POST","url":"/user/logout","status":"200","resposta":"33","tempoResposta":"1.441"}
{"timestamp":"2024-01-21T17:25:16.623Z","User":"Storm107","Id":4,"metodo":"POST","url":"/user/login","status":"200","resposta":"32","tempoResposta":"108.185"}
{"timestamp":"2024-01-21T17:38:43.523Z","User":"Storm107","Id":4,"metodo":"POST","url":"/user/login","status":"200","resposta":"32","tempoResposta":"106.782"}
{"timestamp":"2024-01-21T17:38:46.345Z","User":"Storme107","Id":4,"metodo":"POST","url":"/user/logout","status":"200","resposta":"33","tempoResposta":"1.028"}
{"timestamp":"2024-01-21T17:39:00.492Z","User":"Storm107","Id":4,"metodo":"POST","url":"/user/login","status":"200","resposta":"32","tempoResposta":"102.752"}
{"timestamp":"2024-01-21T17:39:02.877Z","User":"Storme107","Id":4,"metodo":"POST","url":"/user/logout","status":"200","resposta":"33","tempoResposta":"0.354"}
{"timestamp":"2024-01-21T17:39:31.483Z","User":"Storm107","Id":4,"metodo":"POST","url":"/user/login","status":"200","resposta":"32","tempoResposta":"92.533"}
{"timestamp":"2024-01-21T17:39:33.739Z","User":"Storme107","Id":4,"metodo":"POST","url":"/user/logout","status":"200","resposta":"33","tempoResposta":"1.414"}
{"timestamp":"2024-01-21T17:41:09.078Z","User":"Storm107","Id":4,"metodo":"POST","url":"/user/login","status":"200","resposta":"32","tempoResposta":"94.542"}
{"timestamp":"2024-01-21T17:41:11.434Z","User":"Storme107","Id":4,"metodo":"POST","url":"/user/logout","status":"200","resposta":"33","tempoResposta":"1.782"}
{"timestamp":"2024-01-21T17:42:08.274Z","User":"Storm107","Id":4,"metodo":"POST","url":"/user/login","status":"200","resposta":"32","tempoResposta":"92.978"}
{"timestamp":"2024-01-21T17:42:10.027Z","User":"Storme107","Id":4,"metodo":"POST","url":"/user/logout","status":"200","resposta":"33","tempoResposta":"2.600"}
{"timestamp":"2024-01-21T17:43:01.246Z","User":"Storm107","Id":4,"metodo":"POST","url":"/user/login","status":"200","resposta":"32","tempoResposta":"92.424"}
{"timestamp":"2024-01-21T17:43:03.008Z","User":"Storme107","Id":4,"metodo":"POST","url":"/user/logout","status":"200","resposta":"33","tempoResposta":"1.873"}
{"timestamp":"2024-01-21T17:45:21.435Z","User":"Storm107","Id":"NA","metodo":"POST","url":"/user/create","status":"401","resposta":"42","tempoResposta":"18.592"}
{"timestamp":"2024-01-21T17:45:45.223Z","User":"Storm107","Id":4,"metodo":"POST","url":"/user/login","status":"200","resposta":"32","tempoResposta":"106.279"}
{"timestamp":"2024-01-21T17:52:31.689Z","User":"Storme107","Id":4,"metodo":"POST","url":"/user/logout","status":"200","resposta":"33","tempoResposta":"3.691"}
{"timestamp":"2024-01-21T17:52:41.371Z","User":"Storm107","Id":4,"metodo":"POST","url":"/user/login","status":"200","resposta":"32","tempoResposta":"106.602"}
{"timestamp":"2024-01-21T17:53:49.085Z","User":"NA","Id":"NA","metodo":"GET","url":"/posts/getall","status":"401","tempoResposta":"94.275"}
{"timestamp":"2024-01-21T17:54:03.331Z","User":"NA","Id":"NA","metodo":"GET","url":"/posts/getall","status":"200","tempoResposta":"160.538"}
{"timestamp":"2024-01-21T17:54:12.218Z","User":"Storme107","Id":"NA","metodo":"POST","url":"/posts/create","status":"401","tempoResposta":"6.573"}
{"timestamp":"2024-01-21T17:54:13.325Z","User":"Storme107","Id":"NA","metodo":"POST","url":"/posts/create","status":"401","tempoResposta":"8.406"}
{"timestamp":"2024-01-21T17:54:34.985Z","User":"Storm107","Id":"NA","metodo":"POST","url":"/user/create","status":"401","resposta":"42","tempoResposta":"7.060"}
{"timestamp":"2024-01-21T17:54:57.582Z","User":"Storme107","Id":"NA","metodo":"POST","url":"/posts/create","status":"401","tempoResposta":"6.705"}
{"timestamp":"2024-01-21T17:56:09.762Z","User":"Storm107","Id":"NA","metodo":"POST","url":"/posts/create","status":"201","tempoResposta":"61.584"}
{"timestamp":"2024-01-21T17:56:11.494Z","User":"Storm107","Id":"NA","metodo":"POST","url":"/posts/create","status":"201","tempoResposta":"44.525"}
{"timestamp":"2024-01-21T17:56:12.272Z","User":"Storm107","Id":"NA","metodo":"POST","url":"/posts/create","status":"201","tempoResposta":"42.635"}
{"timestamp":"2024-01-21T17:59:18.215Z","User":"Storm107","Id":4,"metodo":"POST","url":"/user/login","status":"200","resposta":"32","tempoResposta":"113.707"}
{"timestamp":"2024-01-21T17:59:40.496Z","User":"Storm107","Id":"NA","metodo":"POST","url":"/posts/create","status":"201","tempoResposta":"79.944"}
{"timestamp":"2024-01-21T17:59:42.063Z","User":"Storm107","Id":"NA","metodo":"POST","url":"/posts/create","status":"201","tempoResposta":"58.709"}
{"timestamp":"2024-01-21T17:59:42.737Z","User":"Storm107","Id":"NA","metodo":"POST","url":"/posts/create","status":"201","tempoResposta":"42.613"}
{"timestamp":"2024-01-21T18:01:07.556Z","User":"Storm107","Id":4,"metodo":"POST","url":"/user/login","status":"200","resposta":"32","tempoResposta":"102.874"}
{"timestamp":"2024-01-21T18:01:10.699Z","User":"Storm107","Id":4,"metodo":"POST","url":"/user/login","status":"200","resposta":"32","tempoResposta":"105.552"}
{"timestamp":"2024-01-21T18:01:28.452Z","User":"Storm107","Id":"NA","metodo":"POST","url":"/posts/create","status":"201","tempoResposta":"63.765"}
{"timestamp":"2024-01-21T18:01:29.348Z","User":"Storm107","Id":"NA","metodo":"POST","url":"/posts/create","status":"201","tempoResposta":"53.363"}
{"timestamp":"2024-01-21T18:01:34.320Z","User":"NA","Id":"NA","metodo":"GET","url":"/posts/getall","status":"200","tempoResposta":"109.517"}
